<?xml version="1.0" encoding="UTF-8"?>
<!-- Generated by org.testng.reporters.JUnitXMLReporter -->
<testsuite ignored="0" hostname="LAPTOP-TU9KCJFH" failures="0" tests="4" name="Test" time="0.068" errors="0" timestamp="2024-05-15T12:31:55 IST">
  <testcase classname="test1.Test23" name="test25test" time="0.012"/>
  <testcase classname="test1.Test23" name="test26test" time="0.001"/>
  <testcase classname="test2.Ktest$Test23" name="test25test" time="0.001"/>
  <testcase classname="test2.Ktest$Test23" name="test26test" time="0.0"/>
</testsuite> <!-- Test -->
