<?xml version="1.0" encoding="UTF-8"?>
<testng-results ignored="0" total="2" passed="2" failed="0" skipped="0">
  <reporter-output>
  </reporter-output>
  <suite started-at="2024-05-15T12:43:30 IST" name="Default suite" finished-at="2024-05-15T12:43:31 IST" duration-ms="66">
    <groups>
    </groups>
    <test started-at="2024-05-15T12:43:30 IST" name="Default test" finished-at="2024-05-15T12:43:31 IST" duration-ms="66">
      <class name="test1.Test23">
        <test-method signature="test25test()[pri:0, instance:test1.Test23@71d44a3]" started-at="2024-05-15T12:43:31 IST" name="test25test" finished-at="2024-05-15T12:43:31 IST" duration-ms="12" status="PASS">
          <reporter-output>
          </reporter-output>
        </test-method> <!-- test25test -->
        <test-method signature="test26test()[pri:0, instance:test1.Test23@71d44a3]" started-at="2024-05-15T12:43:31 IST" name="test26test" finished-at="2024-05-15T12:43:31 IST" duration-ms="1" status="PASS">
          <reporter-output>
          </reporter-output>
        </test-method> <!-- test26test -->
      </class> <!-- test1.Test23 -->
    </test> <!-- Default test -->
  </suite> <!-- Default suite -->
</testng-results>
